2026-04-30T12:30:19.2703322Z State: Starting, Action: EstablishingSiteNetworks, LastError: , LastErrorTimestamp: 01/01/0001 00:00:00, LastErrorDetails: , Details: , DetailsLevel: INFO
2026-04-30T12:30:21.7787779Z State: Starting, Action: StartingSiteContainers, LastError: , LastErrorTimestamp: 01/01/0001 00:00:00, LastErrorDetails: , Details: , DetailsLevel: INFO
2026-04-30T12:30:21.7881787Z Container start method called.
2026-04-30T12:30:21.7987258Z State: Starting, Action: PullingImage, LastError: , LastErrorTimestamp: 01/01/0001 00:00:00, LastErrorDetails: , Details: Pulling image 10.1.0.5:13209/appsvc/node:22-lts_20260115.4.tuxprod for fivekapp., DetailsLevel: INFO
2026-04-30T12:30:21.8166733Z Establishing network.
2026-04-30T12:30:21.8268370Z Pulling image: appsvc/node:22-lts_20260115.4.tuxprod.
2026-04-30T12:30:22.6764290Z Image appsvc/node:22-lts_20260115.4.tuxprod is pulled from registry 10.1.0.5:13209
2026-04-30T12:30:22.6781620Z Container is starting.
2026-04-30T12:30:22.6791416Z State: Starting, Action: MountingVolumes, LastError: , LastErrorTimestamp: 01/01/0001 00:00:00, LastErrorDetails: , Details: Mounting volumes for fivekapp., DetailsLevel: INFO
2026-04-30T12:30:22.6859045Z Establishing user namespace if not established already.
2026-04-30T12:30:22.6861313Z Establishing network if not established already.
2026-04-30T12:30:22.6863398Z Mounting volumes.
2026-04-30T12:30:22.6877636Z Nested mountpoint 
2026-04-30T12:30:22.7566190Z Nested mountpoint volatile/logs
2026-04-30T12:30:22.8266452Z Nested mountpoint 
2026-04-30T12:30:22.9099865Z Nested mountpoint 
2026-04-30T12:30:22.9395141Z Nested mountpoint 
2026-04-30T12:30:23.5013560Z State: Starting, Action: CreatingContainer, LastError: , LastErrorTimestamp: 01/01/0001 00:00:00, LastErrorDetails: , Details: Finished pulling container image and mounting volumes for fivekapp. Allocatinng the rest of the container resources to finish container creation., DetailsLevel: INFO
2026-04-30T12:30:23.5021147Z Creating container.
2026-04-30T12:30:23.5028403Z Creating pipes for streaming container io.
2026-04-30T12:30:23.5032802Z Creating stdout named pipe at /podr/container/pipe/1d3103bcd9c7_fivekapp/stdout_bf42585a7c494684819ffec04457bcaa.
2026-04-30T12:30:23.5323831Z Successfully created stdout named pipe at: /podr/container/pipe/1d3103bcd9c7_fivekapp/stdout_bf42585a7c494684819ffec04457bcaa.
2026-04-30T12:30:23.5325453Z Opening named pipe /podr/container/pipe/1d3103bcd9c7_fivekapp/stdout_bf42585a7c494684819ffec04457bcaa for reading in non-blocking mode.
2026-04-30T12:30:23.5327064Z Successfully opened named pipe: /podr/container/pipe/1d3103bcd9c7_fivekapp/stdout_bf42585a7c494684819ffec04457bcaa.
2026-04-30T12:30:23.5328287Z Successfully removed non-blocking flag from /podr/container/pipe/1d3103bcd9c7_fivekapp/stdout_bf42585a7c494684819ffec04457bcaa.
2026-04-30T12:30:23.5818899Z Creating stderr named pipe at /podr/container/pipe/1d3103bcd9c7_fivekapp/stderr_4f2de7cca5454619ad6f47c6f2904860.
2026-04-30T12:30:23.5821825Z Successfully created stderr named pipe at: /podr/container/pipe/1d3103bcd9c7_fivekapp/stderr_4f2de7cca5454619ad6f47c6f2904860.
2026-04-30T12:30:23.5822656Z Opening named pipe /podr/container/pipe/1d3103bcd9c7_fivekapp/stderr_4f2de7cca5454619ad6f47c6f2904860 for reading in non-blocking mode.
2026-04-30T12:30:23.5823726Z Successfully opened named pipe: /podr/container/pipe/1d3103bcd9c7_fivekapp/stderr_4f2de7cca5454619ad6f47c6f2904860.
2026-04-30T12:30:23.5825470Z Successfully removed non-blocking flag from /podr/container/pipe/1d3103bcd9c7_fivekapp/stderr_4f2de7cca5454619ad6f47c6f2904860.
2026-04-30T12:30:23.5834120Z Creating container with image: appsvc/node:22-lts_20260115.4.tuxprod from registry: 10.1.0.5:13209 and fully qualified image name: 10.1.0.5:13209/appsvc/node:22-lts_20260115.4.tuxprod
2026-04-30T12:30:24.7840891Z Starting container: 1d3103bcd9c7_fivekapp.
2026-04-30T12:30:24.9950939Z Starting watchers and probes.
2026-04-30T12:30:25.0129101Z Starting metrics collection.
2026-04-30T12:30:25.0163808Z Container is running.
2026-04-30T12:30:25.0252544Z State: Starting, Action: CreatingContainer, LastError: , LastErrorTimestamp: 01/01/0001 00:00:00, LastErrorDetails: , Details: Container fivekapp successfully created and is running., DetailsLevel: INFO
2026-04-30T12:30:25.2709072Z Container start method finished after 3481 ms.
2026-04-30T12:30:25.2911949Z State: Starting, Action: InitiatingSiteWarmUpProbe, LastError: , LastErrorTimestamp: 01/01/0001 00:00:00, LastErrorDetails: , Details: Container fivekapp successfully created and is running., DetailsLevel: INFO
2026-04-30T12:30:25.2987902Z State: Starting, Action: WaitingForSiteWarmUpProbeSuccess, LastError: , LastErrorTimestamp: 01/01/0001 00:00:00, LastErrorDetails: , Details: Pinging warmup path to ensure container is ready to receive requests., DetailsLevel: INFO
2026-04-30T12:30:58.6931281Z Container has finished running with exit code: 1.
2026-04-30T12:30:58.6956171Z Container is terminating. Grace period: 5 seconds.
2026-04-30T12:30:58.7061588Z Stop and delete container. Retry count = 0
2026-04-30T12:30:58.7142281Z Stopping container: 1d3103bcd9c7_fivekapp.
2026-04-30T12:30:58.8462557Z Deleting container: 1d3103bcd9c7_fivekapp. Retry count = 0
2026-04-30T12:30:59.2178040Z Container spec TerminationMessagePolicy  path 
2026-04-30T12:30:59.2190441Z Container is terminated. Total time elapsed: 522 ms.
2026-04-30T12:30:59.2272206Z Site container: fivekapp terminated during site startup.
2026-04-30T12:30:59.2368471Z State: Stopping, Action: CancellingStartup, LastError: , LastErrorTimestamp: 01/01/0001 00:00:00, LastErrorDetails: , Details: Site container: fivekapp terminated during site startup. Cancelling site startup., DetailsLevel: ERR
2026-04-30T12:30:59.3493461Z Site startup probe failed after 33.9989893 seconds.
2026-04-30T12:30:59.9217793Z State: Stopping, Action: CancellingStartup, LastError: ContainerTimeout, LastErrorTimestamp: 04/30/2026 12:30:59, LastErrorDetails: Container did not start within expected time limit of 230s. Please inspect your container logs for more details., Details: Site container: fivekapp terminated during site startup. Cancelling site startup., DetailsLevel: ERR
2026-04-30T12:30:59.9738007Z Failed to start site. Revert by stopping site.
2026-04-30T12:30:59.9835174Z State: Stopping, Action: StoppingSite, LastError: ContainerTimeout, LastErrorTimestamp: 04/30/2026 12:30:59, LastErrorDetails: Container did not start within expected time limit of 230s. Please inspect your container logs for more details., Details: Site container: fivekapp terminated during site startup. Cancelling site startup., DetailsLevel: ERR
2026-04-30T12:31:00.0341156Z State: Stopping, Action: StoppingSiteContainers, LastError: ContainerTimeout, LastErrorTimestamp: 04/30/2026 12:30:59, LastErrorDetails: Container did not start within expected time limit of 230s. Please inspect your container logs for more details., Details: Site container: fivekapp terminated during site startup. Cancelling site startup., DetailsLevel: ERR
2026-04-30T12:31:00.0342490Z Site: fivekapp stopped.
2026-04-30T12:31:00.0819980Z State: Stopping, Action: UnmountingVolumes, LastError: ContainerTimeout, LastErrorTimestamp: 04/30/2026 12:30:59, LastErrorDetails: Container did not start within expected time limit of 230s. Please inspect your container logs for more details., Details: Site container: fivekapp terminated during site startup. Cancelling site startup., DetailsLevel: ERR
2026-04-30T12:31:00.5569449Z State: Stopping, Action: StoppingSiteNetworks, LastError: ContainerTimeout, LastErrorTimestamp: 04/30/2026 12:30:59, LastErrorDetails: Container did not start within expected time limit of 230s. Please inspect your container logs for more details., Details: Site container: fivekapp terminated during site startup. Cancelling site startup., DetailsLevel: ERR
2026-04-30T12:31:00.8175813Z State: Stopped, Action: None, LastError: ContainerTimeout, LastErrorTimestamp: 04/30/2026 12:30:59, LastErrorDetails: Container did not start within expected time limit of 230s. Please inspect your container logs for more details., Details: Site stopped at 04/30/2026 12:31:00 (UTC), DetailsLevel: ERR
2026-04-30T12:31:01.1080985Z State: Stopped, Action: None, LastError: ContainerTimeout, LastErrorTimestamp: 04/30/2026 12:30:59, LastErrorDetails: Container did not start within expected time limit of 230s. Please inspect your container logs for more details., Details: Site stopped at 04/30/2026 12:31:00 (UTC), DetailsLevel: ERR
2026-04-30T12:31:06.6908520Z State: Starting, Action: EstablishingSiteNetworks, LastError: ContainerTimeout, LastErrorTimestamp: 04/30/2026 12:30:59, LastErrorDetails: Container did not start within expected time limit of 230s. Please inspect your container logs for more details., Details: Site stopped at 04/30/2026 12:31:00 (UTC), DetailsLevel: ERR
2026-04-30T12:31:09.3279122Z State: Starting, Action: StartingSiteContainers, LastError: ContainerTimeout, LastErrorTimestamp: 04/30/2026 12:30:59, LastErrorDetails: Container did not start within expected time limit of 230s. Please inspect your container logs for more details., Details: Site stopped at 04/30/2026 12:31:00 (UTC), DetailsLevel: ERR
2026-04-30T12:31:09.3281030Z Container start method called.
2026-04-30T12:31:09.3281808Z State: Starting, Action: PullingImage, LastError: ContainerTimeout, LastErrorTimestamp: 04/30/2026 12:30:59, LastErrorDetails: Container did not start within expected time limit of 230s. Please inspect your container logs for more details., Details: Pulling image 10.1.0.5:13209/appsvc/node:22-lts_20260115.4.tuxprod for fivekapp., DetailsLevel: INFO
2026-04-30T12:31:09.3282745Z Establishing network.
2026-04-30T12:31:09.3283849Z Pulling image: appsvc/node:22-lts_20260115.4.tuxprod.
2026-04-30T12:31:10.0410718Z Container is starting.
2026-04-30T12:31:10.0412098Z State: Starting, Action: MountingVolumes, LastError: ContainerTimeout, LastErrorTimestamp: 04/30/2026 12:30:59, LastErrorDetails: Container did not start within expected time limit of 230s. Please inspect your container logs for more details., Details: Mounting volumes for fivekapp., DetailsLevel: INFO
2026-04-30T12:31:10.0412941Z Establishing user namespace if not established already.
2026-04-30T12:31:10.0413999Z Establishing network if not established already.
2026-04-30T12:31:10.0415568Z Mounting volumes.
2026-04-30T12:31:10.0417363Z Nested mountpoint 
2026-04-30T12:31:10.1423770Z Nested mountpoint volatile/logs
2026-04-30T12:31:10.1727114Z Nested mountpoint 
2026-04-30T12:31:10.1836646Z Nested mountpoint 
2026-04-30T12:31:10.2528048Z Nested mountpoint 
2026-04-30T12:31:10.9362531Z State: Starting, Action: CreatingContainer, LastError: ContainerTimeout, LastErrorTimestamp: 04/30/2026 12:30:59, LastErrorDetails: Container did not start within expected time limit of 230s. Please inspect your container logs for more details., Details: Finished pulling container image and mounting volumes for fivekapp. Allocatinng the rest of the container resources to finish container creation., DetailsLevel: INFO
2026-04-30T12:31:10.9366349Z Creating container.
2026-04-30T12:31:10.9367345Z Creating pipes for streaming container io.
2026-04-30T12:31:10.9462984Z Creating stdout named pipe at /podr/container/pipe/f86cae6de630_fivekapp/stdout_687baf078dd24bf8851f0c8dd2fa5d93.
2026-04-30T12:31:10.9466297Z Successfully created stdout named pipe at: /podr/container/pipe/f86cae6de630_fivekapp/stdout_687baf078dd24bf8851f0c8dd2fa5d93.
2026-04-30T12:31:10.9467231Z Opening named pipe /podr/container/pipe/f86cae6de630_fivekapp/stdout_687baf078dd24bf8851f0c8dd2fa5d93 for reading in non-blocking mode.
2026-04-30T12:31:10.9468362Z Successfully opened named pipe: /podr/container/pipe/f86cae6de630_fivekapp/stdout_687baf078dd24bf8851f0c8dd2fa5d93.
2026-04-30T12:31:10.9469114Z Successfully removed non-blocking flag from /podr/container/pipe/f86cae6de630_fivekapp/stdout_687baf078dd24bf8851f0c8dd2fa5d93.
2026-04-30T12:31:10.9582673Z Creating stderr named pipe at /podr/container/pipe/f86cae6de630_fivekapp/stderr_d740d06b388649c38080f622836b0c20.
2026-04-30T12:31:10.9680489Z Successfully created stderr named pipe at: /podr/container/pipe/f86cae6de630_fivekapp/stderr_d740d06b388649c38080f622836b0c20.
2026-04-30T12:31:10.9857779Z Opening named pipe /podr/container/pipe/f86cae6de630_fivekapp/stderr_d740d06b388649c38080f622836b0c20 for reading in non-blocking mode.
2026-04-30T12:31:10.9877061Z Successfully opened named pipe: /podr/container/pipe/f86cae6de630_fivekapp/stderr_d740d06b388649c38080f622836b0c20.
2026-04-30T12:31:10.9967912Z Successfully removed non-blocking flag from /podr/container/pipe/f86cae6de630_fivekapp/stderr_d740d06b388649c38080f622836b0c20.
2026-04-30T12:31:11.0064717Z Creating container with image: appsvc/node:22-lts_20260115.4.tuxprod from registry: 10.1.0.5:13209 and fully qualified image name: 10.1.0.5:13209/appsvc/node:22-lts_20260115.4.tuxprod
2026-04-30T12:31:12.2297089Z Starting container: f86cae6de630_fivekapp.
2026-04-30T12:31:12.3791913Z Starting watchers and probes.
2026-04-30T12:31:12.4399073Z Starting metrics collection.
2026-04-30T12:31:12.4401993Z Container is running.
2026-04-30T12:31:12.4403564Z State: Starting, Action: CreatingContainer, LastError: ContainerTimeout, LastErrorTimestamp: 04/30/2026 12:30:59, LastErrorDetails: Container did not start within expected time limit of 230s. Please inspect your container logs for more details., Details: Container fivekapp successfully created and is running., DetailsLevel: INFO
2026-04-30T12:31:12.9837748Z Container start method finished after 3655 ms.
2026-04-30T12:31:12.9839994Z State: Starting, Action: InitiatingSiteWarmUpProbe, LastError: ContainerTimeout, LastErrorTimestamp: 04/30/2026 12:30:59, LastErrorDetails: Container did not start within expected time limit of 230s. Please inspect your container logs for more details., Details: Container fivekapp successfully created and is running., DetailsLevel: INFO
2026-04-30T12:31:12.9840212Z State: Starting, Action: WaitingForSiteWarmUpProbeSuccess, LastError: ContainerTimeout, LastErrorTimestamp: 04/30/2026 12:30:59, LastErrorDetails: Container did not start within expected time limit of 230s. Please inspect your container logs for more details., Details: Pinging warmup path to ensure container is ready to receive requests., DetailsLevel: INFO
